INFO:sentence_transformers.SentenceTransformer:Load pretrained SentenceTransformer: sentence-transformers/all-mpnet-base-v2
DEBUG:urllib3.connectionpool:Starting new HTTPS connection (1): huggingface.co:443
DEBUG:urllib3.connectionpool:https://huggingface.co:443 "HEAD /sentence-transformers/all-mpnet-base-v2/resolve/main/modules.json HTTP/11" 200 0
DEBUG:filelock:Attempting to acquire lock 126569506475312 on /home/ubuntu/.cache/huggingface/hub/.locks/models--sentence-transformers--all-mpnet-base-v2/952a9b81c0bfd99800fabf352f69c7ccd46c5e43.lock
DEBUG:filelock:Lock 126569506475312 acquired on /home/ubuntu/.cache/huggingface/hub/.locks/models--sentence-transformers--all-mpnet-base-v2/952a9b81c0bfd99800fabf352f69c7ccd46c5e43.lock
DEBUG:urllib3.connectionpool:https://huggingface.co:443 "GET /sentence-transformers/all-mpnet-base-v2/resolve/main/modules.json HTTP/11" 200 349
DEBUG:filelock:Attempting to release lock 126569506475312 on /home/ubuntu/.cache/huggingface/hub/.locks/models--sentence-transformers--all-mpnet-base-v2/952a9b81c0bfd99800fabf352f69c7ccd46c5e43.lock
DEBUG:filelock:Lock 126569506475312 released on /home/ubuntu/.cache/huggingface/hub/.locks/models--sentence-transformers--all-mpnet-base-v2/952a9b81c0bfd99800fabf352f69c7ccd46c5e43.lock
DEBUG:urllib3.connectionpool:https://huggingface.co:443 "HEAD /sentence-transformers/all-mpnet-base-v2/resolve/main/config_sentence_transformers.json HTTP/11" 200 0
DEBUG:filelock:Attempting to acquire lock 126569506474400 on /home/ubuntu/.cache/huggingface/hub/.locks/models--sentence-transformers--all-mpnet-base-v2/fd1b291129c607e5d49799f87cb219b27f98acdf.lock
DEBUG:filelock:Lock 126569506474400 acquired on /home/ubuntu/.cache/huggingface/hub/.locks/models--sentence-transformers--all-mpnet-base-v2/fd1b291129c607e5d49799f87cb219b27f98acdf.lock
DEBUG:urllib3.connectionpool:https://huggingface.co:443 "GET /sentence-transformers/all-mpnet-base-v2/resolve/main/config_sentence_transformers.json HTTP/11" 200 116
DEBUG:filelock:Attempting to release lock 126569506474400 on /home/ubuntu/.cache/huggingface/hub/.locks/models--sentence-transformers--all-mpnet-base-v2/fd1b291129c607e5d49799f87cb219b27f98acdf.lock
DEBUG:filelock:Lock 126569506474400 released on /home/ubuntu/.cache/huggingface/hub/.locks/models--sentence-transformers--all-mpnet-base-v2/fd1b291129c607e5d49799f87cb219b27f98acdf.lock
DEBUG:urllib3.connectionpool:https://huggingface.co:443 "HEAD /sentence-transformers/all-mpnet-base-v2/resolve/main/README.md HTTP/11" 200 0
DEBUG:filelock:Attempting to acquire lock 126569506476848 on /home/ubuntu/.cache/huggingface/hub/.locks/models--sentence-transformers--all-mpnet-base-v2/0a624adbb92ec093d62f228b9e9d9e9ced190a79.lock
DEBUG:filelock:Lock 126569506476848 acquired on /home/ubuntu/.cache/huggingface/hub/.locks/models--sentence-transformers--all-mpnet-base-v2/0a624adbb92ec093d62f228b9e9d9e9ced190a79.lock
DEBUG:urllib3.connectionpool:https://huggingface.co:443 "GET /sentence-transformers/all-mpnet-base-v2/resolve/main/README.md HTTP/11" 200 10621
DEBUG:filelock:Attempting to release lock 126569506476848 on /home/ubuntu/.cache/huggingface/hub/.locks/models--sentence-transformers--all-mpnet-base-v2/0a624adbb92ec093d62f228b9e9d9e9ced190a79.lock
DEBUG:filelock:Lock 126569506476848 released on /home/ubuntu/.cache/huggingface/hub/.locks/models--sentence-transformers--all-mpnet-base-v2/0a624adbb92ec093d62f228b9e9d9e9ced190a79.lock
DEBUG:urllib3.connectionpool:https://huggingface.co:443 "HEAD /sentence-transformers/all-mpnet-base-v2/resolve/main/modules.json HTTP/11" 200 0
DEBUG:urllib3.connectionpool:https://huggingface.co:443 "HEAD /sentence-transformers/all-mpnet-base-v2/resolve/main/sentence_bert_config.json HTTP/11" 200 0
DEBUG:filelock:Attempting to acquire lock 126569506476848 on /home/ubuntu/.cache/huggingface/hub/.locks/models--sentence-transformers--all-mpnet-base-v2/4eb670bb4e7f34e9031acec2b86d39e5c921198e.lock
DEBUG:filelock:Lock 126569506476848 acquired on /home/ubuntu/.cache/huggingface/hub/.locks/models--sentence-transformers--all-mpnet-base-v2/4eb670bb4e7f34e9031acec2b86d39e5c921198e.lock
DEBUG:urllib3.connectionpool:https://huggingface.co:443 "GET /sentence-transformers/all-mpnet-base-v2/resolve/main/sentence_bert_config.json HTTP/11" 200 53
DEBUG:filelock:Attempting to release lock 126569506476848 on /home/ubuntu/.cache/huggingface/hub/.locks/models--sentence-transformers--all-mpnet-base-v2/4eb670bb4e7f34e9031acec2b86d39e5c921198e.lock
DEBUG:filelock:Lock 126569506476848 released on /home/ubuntu/.cache/huggingface/hub/.locks/models--sentence-transformers--all-mpnet-base-v2/4eb670bb4e7f34e9031acec2b86d39e5c921198e.lock
DEBUG:urllib3.connectionpool:https://huggingface.co:443 "HEAD /sentence-transformers/all-mpnet-base-v2/resolve/main/config.json HTTP/11" 200 0
DEBUG:filelock:Attempting to acquire lock 126569506477280 on /home/ubuntu/.cache/huggingface/hub/.locks/models--sentence-transformers--all-mpnet-base-v2/b9fd4298819da011007a6a4ceb728c860914fc88.lock
DEBUG:filelock:Lock 126569506477280 acquired on /home/ubuntu/.cache/huggingface/hub/.locks/models--sentence-transformers--all-mpnet-base-v2/b9fd4298819da011007a6a4ceb728c860914fc88.lock
DEBUG:urllib3.connectionpool:https://huggingface.co:443 "GET /sentence-transformers/all-mpnet-base-v2/resolve/main/config.json HTTP/11" 200 571
DEBUG:filelock:Attempting to release lock 126569506477280 on /home/ubuntu/.cache/huggingface/hub/.locks/models--sentence-transformers--all-mpnet-base-v2/b9fd4298819da011007a6a4ceb728c860914fc88.lock
DEBUG:filelock:Lock 126569506477280 released on /home/ubuntu/.cache/huggingface/hub/.locks/models--sentence-transformers--all-mpnet-base-v2/b9fd4298819da011007a6a4ceb728c860914fc88.lock
DEBUG:urllib3.connectionpool:https://huggingface.co:443 "HEAD /sentence-transformers/all-mpnet-base-v2/resolve/main/model.safetensors HTTP/11" 302 0
DEBUG:filelock:Attempting to acquire lock 126569494522480 on /home/ubuntu/.cache/huggingface/hub/.locks/models--sentence-transformers--all-mpnet-base-v2/78c0197b6159d92658e319bc1d72e4c73a9a03dd03815e70e555c5ef05615658.lock
DEBUG:filelock:Lock 126569494522480 acquired on /home/ubuntu/.cache/huggingface/hub/.locks/models--sentence-transformers--all-mpnet-base-v2/78c0197b6159d92658e319bc1d72e4c73a9a03dd03815e70e555c5ef05615658.lock
DEBUG:urllib3.connectionpool:Starting new HTTPS connection (1): cdn-lfs.huggingface.co:443
DEBUG:urllib3.connectionpool:https://cdn-lfs.huggingface.co:443 "GET /sentence-transformers/all-mpnet-base-v2/78c0197b6159d92658e319bc1d72e4c73a9a03dd03815e70e555c5ef05615658?response-content-disposition=inline%3B+filename*%3DUTF-8%27%27model.safetensors%3B+filename%3D%22model.safetensors%22%3B&Expires=1722790192&Policy=eyJTdGF0ZW1lbnQiOlt7IkNvbmRpdGlvbiI6eyJEYXRlTGVzc1RoYW4iOnsiQVdTOkVwb2NoVGltZSI6MTcyMjc5MDE5Mn19LCJSZXNvdXJjZSI6Imh0dHBzOi8vY2RuLWxmcy5odWdnaW5nZmFjZS5jby9zZW50ZW5jZS10cmFuc2Zvcm1lcnMvYWxsLW1wbmV0LWJhc2UtdjIvNzhjMDE5N2I2MTU5ZDkyNjU4ZTMxOWJjMWQ3MmU0YzczYTlhMDNkZDAzODE1ZTcwZTU1NWM1ZWYwNTYxNTY1OD9yZXNwb25zZS1jb250ZW50LWRpc3Bvc2l0aW9uPSoifV19&Signature=HVCPzZxiF5v2A0ZL5Xpy-lUVrGLe9lvkj-EBlWc6gjT63Gbf5D6z-QqnvXn0Gk3Y3WiCGRLJ-pka8at-~97YJbH2~kC3xGc2ecSO29cOHj~p9EqRQqWyQbcZA4MGsnn5NIXuN~vUvTnegqRHdKpF8AF3JTOHsgZKJEwcrPsZ5Mx4Ms4vErjh8TJJEACuG9~ZUkjbIY955M2zeqhG~cgo-OESQuP~5sP7NSb69ANBhodrY2Th~kbxTNmmIU0aCp3XzGCKzppHu16aBeIIpWKlDmofI93oXY4vXbL~Sw5gHg9KTNACvSZCEFB3SvrWFXwBCMkgZjJBnk0vvSJi2CBDBA__&Key-Pair-Id=K3ESJI6DHPFC7 HTTP/11" 200 437971872
DEBUG:filelock:Attempting to release lock 126569494522480 on /home/ubuntu/.cache/huggingface/hub/.locks/models--sentence-transformers--all-mpnet-base-v2/78c0197b6159d92658e319bc1d72e4c73a9a03dd03815e70e555c5ef05615658.lock
DEBUG:filelock:Lock 126569494522480 released on /home/ubuntu/.cache/huggingface/hub/.locks/models--sentence-transformers--all-mpnet-base-v2/78c0197b6159d92658e319bc1d72e4c73a9a03dd03815e70e555c5ef05615658.lock
